2021-07-28 14:50:50,420 : INFO : test_e2e : Entered first name is Allison and last name is Becker
2021-07-28 14:50:52,464 : INFO : test_e2e : Your form was successfully submitted.
2021-07-28 14:50:53,619 : INFO : test_e2e : Entered first name is Vergil and last name is Van Dijk
2021-07-28 14:50:53,619 : INFO : test_e2e : Entered first name is Vergil and last name is Van Dijk
2021-07-28 14:50:55,908 : INFO : test_e2e : Your form was successfully submitted.
2021-07-28 14:50:55,908 : INFO : test_e2e : Your form was successfully submitted.
2021-07-28 14:51:21,996 : INFO : test_homePage : Title: Testing World Experienced in making experts
2021-07-28 14:51:21,996 : INFO : test_homePage : Scrolling to bottom
2021-07-28 14:51:22,060 : INFO : test_homePage : Hot line: +91-87439 13121
2021-07-28 14:51:22,282 : INFO : test_homePage : thetestingworld@gmail.com
2021-07-28 14:51:22,283 : INFO : test_homePage : Scrolling to top
2021-07-28 14:53:32,967 : INFO : test_e2e : Entered first name is Allison and last name is Becker
2021-07-28 14:53:35,940 : INFO : test_e2e : Your form was successfully submitted.
2021-07-28 14:53:37,271 : INFO : test_e2e : Entered first name is Vergil and last name is Van Dijk
2021-07-28 14:53:37,271 : INFO : test_e2e : Entered first name is Vergil and last name is Van Dijk
2021-07-28 14:53:40,131 : INFO : test_e2e : Your form was successfully submitted.
2021-07-28 14:53:40,131 : INFO : test_e2e : Your form was successfully submitted.
2021-07-28 14:53:54,515 : INFO : test_homePage : Title: Testing World Experienced in making experts
2021-07-28 14:53:54,515 : INFO : test_homePage : Scrolling to bottom
2021-07-28 14:53:54,568 : INFO : test_homePage : Hot line: +91-87439 13121
2021-07-28 14:53:54,776 : INFO : test_homePage : thetestingworld@gmail.com
2021-07-28 14:53:54,777 : INFO : test_homePage : Scrolling to top
2021-07-28 15:00:40,593 : INFO : test_e2e : Entered first name is Allison and last name is Becker
2021-07-28 15:00:43,540 : INFO : test_e2e : Your form was successfully submitted.
2021-07-28 15:00:44,496 : INFO : test_e2e : Entered first name is Vergil and last name is Van Dijk
2021-07-28 15:00:44,496 : INFO : test_e2e : Entered first name is Vergil and last name is Van Dijk
2021-07-28 15:00:46,620 : INFO : test_e2e : Your form was successfully submitted.
2021-07-28 15:00:46,620 : INFO : test_e2e : Your form was successfully submitted.
2021-07-28 15:00:59,910 : INFO : test_homePage : Title: Testing World Experienced in making experts
2021-07-28 15:00:59,910 : INFO : test_homePage : Scrolling to bottom
2021-07-28 15:00:59,966 : INFO : test_homePage : Hot line: +91-87439 13121
2021-07-28 15:01:00,183 : INFO : test_homePage : thetestingworld@gmail.com
2021-07-28 15:01:00,183 : INFO : test_homePage : Scrolling to top
2021-08-10 23:42:06,103 : INFO : test_e2e : Entered first name is Allison and last name is Becker
2021-08-10 23:42:10,817 : INFO : test_e2e : Your form was successfully submitted.
2021-08-10 23:42:11,759 : INFO : test_e2e : Entered first name is Vergil and last name is Van Dijk
2021-08-10 23:42:11,759 : INFO : test_e2e : Entered first name is Vergil and last name is Van Dijk
2021-08-10 23:42:13,699 : INFO : test_e2e : Your form was successfully submitted.
2021-08-10 23:42:13,699 : INFO : test_e2e : Your form was successfully submitted.
